\BOOKMARK [1][-]{section.1}{Software Technology Stack}{}% 1
\BOOKMARK [2][-]{subsection.1.1}{Firebase}{section.1}% 2
\BOOKMARK [2][-]{subsection.1.2}{RabbitMQ}{section.1}% 3
\BOOKMARK [2][-]{subsection.1.3}{Spring framework}{section.1}% 4
\BOOKMARK [3][-]{subsubsection.1.3.1}{Thymeleaf}{subsection.1.3}% 5
\BOOKMARK [3][-]{subsubsection.1.3.2}{Spring Boot}{subsection.1.3}% 6
\BOOKMARK [3][-]{subsubsection.1.3.3}{Spring JPA}{subsection.1.3}% 7
\BOOKMARK [3][-]{subsubsection.1.3.4}{Spring MVC}{subsection.1.3}% 8
\BOOKMARK [3][-]{subsubsection.1.3.5}{Spring Security}{subsection.1.3}% 9
\BOOKMARK [2][-]{subsection.1.4}{Dweet.io}{section.1}% 10
\BOOKMARK [2][-]{subsection.1.5}{H2 Database}{section.1}% 11
\BOOKMARK [1][-]{section.2}{Demonstrator Prototype}{}% 12
\BOOKMARK [2][-]{subsection.2.1}{Architecture}{section.2}% 13
\BOOKMARK [2][-]{subsection.2.2}{Application flow}{section.2}% 14
\BOOKMARK [2][-]{subsection.2.3}{Use case}{section.2}% 15
\BOOKMARK [2][-]{subsection.2.4}{Domain model}{section.2}% 16
\BOOKMARK [1][-]{section.3}{Prototype Implementation}{}% 17
\BOOKMARK [2][-]{subsection.3.1}{JPA}{section.3}% 18
\BOOKMARK [2][-]{subsection.3.2}{REST}{section.3}% 19
\BOOKMARK [2][-]{subsection.3.3}{Security}{section.3}% 20
\BOOKMARK [2][-]{subsection.3.4}{Firebase}{section.3}% 21
\BOOKMARK [2][-]{subsection.3.5}{Messaging System}{section.3}% 22
\BOOKMARK [2][-]{subsection.3.6}{Front End}{section.3}% 23
